<?xml version="1.0" encoding="UTF-8"?>
<testsuite name="com.dmdev.HibernateRunnerTest" tests="1" skipped="0" failures="0" errors="0" timestamp="2024-09-26T14:23:02" hostname="DESKTOP-501ABTG" time="2.738">
  <properties/>
  <testcase name="checkManyToMany()" classname="com.dmdev.HibernateRunnerTest" time="2.738"/>
  <system-out><![CDATA[[17:23:02,629] INFO [org.hibernate.Version: 44] HHH000412: Hibernate ORM core version 6.6.0.Final
[17:23:02,969] INFO [org.hibernate.cache.internal.RegionFactoryInitiator: 50] HHH000026: Second-level cache disabled
[17:23:03,103] WARN [org.hibernate.orm.connections.pooling: 86] HHH10001002: Using built-in connection pool (not intended for production use)
[17:23:03,412] WARN [org.hibernate.orm.deprecation: 153] HHH90000025: PostgreSQLDialect does not need to be specified explicitly using 'hibernate.dialect' (remove the property setting and it will be selected by default)
[17:23:03,438] INFO [org.hibernate.orm.connections.pooling: 158] HHH10001005: Database info:
	Database JDBC URL [jdbc:postgresql://localhost:5432/hibernate]
	Database driver: org.postgresql.Driver
	Database version: 16.3
	Autocommit mode: false
	Isolation level: undefined/unknown
	Minimum pool size: 1
	Maximum pool size: 20
[17:23:04,998] INFO [org.hibernate.engine.transaction.jta.platform.internal.JtaPlatformInitiator: 59] HHH000489: No JTA platform available (set 'hibernate.transaction.jta.platform' to enable JTA platform integration)
Hibernate: 
    select
        u1_0.id,
        u1_0.company_id,
        u1_0.birth_date,
        u1_0.firstname,
        u1_0.lastname,
        p1_0.id,
        p1_0.language,
        p1_0.street,
        u1_0.role,
        u1_0.username 
    from
        public.users u1_0 
    left join
        profile p1_0 
            on u1_0.id=p1_0.user_id 
    where
        u1_0.id=?
Hibernate: 
    select
        c1_0.id,
        c1_0.name 
    from
        chat c1_0 
    where
        c1_0.id=?
Hibernate: 
    insert 
    into
        users_chat
        (chat_id, created_at, created_by, user_id) 
    values
        (?, ?, ?, ?) 
    returning id
]]></system-out>
  <system-err><![CDATA[]]></system-err>
</testsuite>
